<?xml version="1.0" encoding="UTF-8"?>
<!-- Generated by org.testng.reporters.JUnitReportReporter -->
<testsuite hostname="TBLSYS018" failures="0" tests="1" name="Test_Package.Program" time="19.916" errors="0" timestamp="2021-08-03T02:45:32 IST" skipped="0">
  <testcase classname="Test_Package.Program" name="website" time="19.916"/>
  <system-out/>
</testsuite> <!-- Test_Package.Program -->
